
> project-manager-backend@0.1.0 start:dev
> ts-node-dev --respawn --transpile-only src/main.ts

[INFO] 20:42:36 ts-node-dev ver. 2.0.0 (using ts-node ver. 10.9.2, typescript ver. 5.9.3)
[32m[Nest] 77387  - [39m03/15/2026, 8:42:37 PM [32m    LOG[39m [38;5;3m[NestFactory] [39m[32mStarting Nest application...[39m
[32m[Nest] 77387  - [39m03/15/2026, 8:42:37 PM [32m    LOG[39m [38;5;3m[InstanceLoader] [39m[32mTypeOrmModule dependencies initialized[39m[38;5;3m +9ms[39m
[32m[Nest] 77387  - [39m03/15/2026, 8:42:37 PM [32m    LOG[39m [38;5;3m[InstanceLoader] [39m[32mTypeOrmCoreModule dependencies initialized[39m[38;5;3m +16ms[39m
[32m[Nest] 77387  - [39m03/15/2026, 8:42:37 PM [32m    LOG[39m [38;5;3m[InstanceLoader] [39m[32mTypeOrmModule dependencies initialized[39m[38;5;3m +0ms[39m
[32m[Nest] 77387  - [39m03/15/2026, 8:42:37 PM [32m    LOG[39m [38;5;3m[InstanceLoader] [39m[32mTypeOrmModule dependencies initialized[39m[38;5;3m +0ms[39m
[32m[Nest] 77387  - [39m03/15/2026, 8:42:37 PM [32m    LOG[39m [38;5;3m[InstanceLoader] [39m[32mTypeOrmModule dependencies initialized[39m[38;5;3m +0ms[39m
[32m[Nest] 77387  - [39m03/15/2026, 8:42:37 PM [32m    LOG[39m [38;5;3m[InstanceLoader] [39m[32mTypeOrmModule dependencies initialized[39m[38;5;3m +0ms[39m
[32m[Nest] 77387  - [39m03/15/2026, 8:42:37 PM [32m    LOG[39m [38;5;3m[InstanceLoader] [39m[32mTypeOrmModule dependencies initialized[39m[38;5;3m +0ms[39m
[32m[Nest] 77387  - [39m03/15/2026, 8:42:37 PM [32m    LOG[39m [38;5;3m[InstanceLoader] [39m[32mAppModule dependencies initialized[39m[38;5;3m +0ms[39m
[32m[Nest] 77387  - [39m03/15/2026, 8:42:37 PM [32m    LOG[39m [38;5;3m[InstanceLoader] [39m[32mPermissionCatalogsModule dependencies initialized[39m[38;5;3m +0ms[39m
[32m[Nest] 77387  - [39m03/15/2026, 8:42:37 PM [32m    LOG[39m [38;5;3m[InstanceLoader] [39m[32mModulesModule dependencies initialized[39m[38;5;3m +0ms[39m
[32m[Nest] 77387  - [39m03/15/2026, 8:42:37 PM [32m    LOG[39m [38;5;3m[InstanceLoader] [39m[32mUsersModule dependencies initialized[39m[38;5;3m +0ms[39m
[32m[Nest] 77387  - [39m03/15/2026, 8:42:37 PM [32m    LOG[39m [38;5;3m[InstanceLoader] [39m[32mAuthModule dependencies initialized[39m[38;5;3m +0ms[39m
[32m[Nest] 77387  - [39m03/15/2026, 8:42:37 PM [32m    LOG[39m [38;5;3m[InstanceLoader] [39m[32mRolesModule dependencies initialized[39m[38;5;3m +0ms[39m
[32m[Nest] 77387  - [39m03/15/2026, 8:42:37 PM [32m    LOG[39m [38;5;3m[InstanceLoader] [39m[32mPermissionsModule dependencies initialized[39m[38;5;3m +0ms[39m
[32m[Nest] 77387  - [39m03/15/2026, 8:42:37 PM [32m    LOG[39m [38;5;3m[InstanceLoader] [39m[32mAppearanceModule dependencies initialized[39m[38;5;3m +0ms[39m
[32m[Nest] 77387  - [39m03/15/2026, 8:42:37 PM [32m    LOG[39m [38;5;3m[RoutesResolver] [39m[32mModulesController {/api/modules}:[39m[38;5;3m +2ms[39m
[32m[Nest] 77387  - [39m03/15/2026, 8:42:37 PM [32m    LOG[39m [38;5;3m[RouterExplorer] [39m[32mMapped {/api/modules, POST} route[39m[38;5;3m +1ms[39m
[32m[Nest] 77387  - [39m03/15/2026, 8:42:37 PM [32m    LOG[39m [38;5;3m[RouterExplorer] [39m[32mMapped {/api/modules, GET} route[39m[38;5;3m +0ms[39m
[32m[Nest] 77387  - [39m03/15/2026, 8:42:37 PM [32m    LOG[39m [38;5;3m[RouterExplorer] [39m[32mMapped {/api/modules/role/:roleId, GET} route[39m[38;5;3m +0ms[39m
[32m[Nest] 77387  - [39m03/15/2026, 8:42:37 PM [32m    LOG[39m [38;5;3m[RouterExplorer] [39m[32mMapped {/api/modules/:id, GET} route[39m[38;5;3m +0ms[39m
[32m[Nest] 77387  - [39m03/15/2026, 8:42:37 PM [32m    LOG[39m [38;5;3m[RouterExplorer] [39m[32mMapped {/api/modules/:id, PUT} route[39m[38;5;3m +0ms[39m
[32m[Nest] 77387  - [39m03/15/2026, 8:42:37 PM [32m    LOG[39m [38;5;3m[RouterExplorer] [39m[32mMapped {/api/modules/:id, DELETE} route[39m[38;5;3m +0ms[39m
[32m[Nest] 77387  - [39m03/15/2026, 8:42:37 PM [32m    LOG[39m [38;5;3m[RoutesResolver] [39m[32mAuthController {/api/auth}:[39m[38;5;3m +0ms[39m
[32m[Nest] 77387  - [39m03/15/2026, 8:42:37 PM [32m    LOG[39m [38;5;3m[RouterExplorer] [39m[32mMapped {/api/auth/login, POST} route[39m[38;5;3m +0ms[39m
[32m[Nest] 77387  - [39m03/15/2026, 8:42:37 PM [32m    LOG[39m [38;5;3m[RoutesResolver] [39m[32mRolesController {/api/roles}:[39m[38;5;3m +0ms[39m
[32m[Nest] 77387  - [39m03/15/2026, 8:42:37 PM [32m    LOG[39m [38;5;3m[RouterExplorer] [39m[32mMapped {/api/roles, POST} route[39m[38;5;3m +1ms[39m
[32m[Nest] 77387  - [39m03/15/2026, 8:42:37 PM [32m    LOG[39m [38;5;3m[RouterExplorer] [39m[32mMapped {/api/roles, GET} route[39m[38;5;3m +0ms[39m
[32m[Nest] 77387  - [39m03/15/2026, 8:42:37 PM [32m    LOG[39m [38;5;3m[RouterExplorer] [39m[32mMapped {/api/roles/:id, GET} route[39m[38;5;3m +0ms[39m
[32m[Nest] 77387  - [39m03/15/2026, 8:42:37 PM [32m    LOG[39m [38;5;3m[RouterExplorer] [39m[32mMapped {/api/roles/:id, PATCH} route[39m[38;5;3m +0ms[39m
[32m[Nest] 77387  - [39m03/15/2026, 8:42:37 PM [32m    LOG[39m [38;5;3m[RouterExplorer] [39m[32mMapped {/api/roles/:id, DELETE} route[39m[38;5;3m +0ms[39m
[32m[Nest] 77387  - [39m03/15/2026, 8:42:37 PM [32m    LOG[39m [38;5;3m[RoutesResolver] [39m[32mPermissionsController {/api/permissions}:[39m[38;5;3m +0ms[39m
[32m[Nest] 77387  - [39m03/15/2026, 8:42:37 PM [32m    LOG[39m [38;5;3m[RouterExplorer] [39m[32mMapped {/api/permissions, GET} route[39m[38;5;3m +0ms[39m
[32m[Nest] 77387  - [39m03/15/2026, 8:42:37 PM [32m    LOG[39m [38;5;3m[RouterExplorer] [39m[32mMapped {/api/permissions/role/:roleId, GET} route[39m[38;5;3m +0ms[39m
[32m[Nest] 77387  - [39m03/15/2026, 8:42:37 PM [32m    LOG[39m [38;5;3m[RouterExplorer] [39m[32mMapped {/api/permissions/module/:moduleId, GET} route[39m[38;5;3m +0ms[39m
[32m[Nest] 77387  - [39m03/15/2026, 8:42:37 PM [32m    LOG[39m [38;5;3m[RouterExplorer] [39m[32mMapped {/api/permissions/role/:roleId/update, PUT} route[39m[38;5;3m +0ms[39m
[32m[Nest] 77387  - [39m03/15/2026, 8:42:37 PM [32m    LOG[39m [38;5;3m[RouterExplorer] [39m[32mMapped {/api/permissions, POST} route[39m[38;5;3m +0ms[39m
[32m[Nest] 77387  - [39m03/15/2026, 8:42:37 PM [32m    LOG[39m [38;5;3m[RouterExplorer] [39m[32mMapped {/api/permissions/:id, PUT} route[39m[38;5;3m +0ms[39m
[32m[Nest] 77387  - [39m03/15/2026, 8:42:37 PM [32m    LOG[39m [38;5;3m[RouterExplorer] [39m[32mMapped {/api/permissions/:id, DELETE} route[39m[38;5;3m +0ms[39m
[32m[Nest] 77387  - [39m03/15/2026, 8:42:37 PM [32m    LOG[39m [38;5;3m[RoutesResolver] [39m[32mPermissionCatalogsController {/api/permission-catalogs}:[39m[38;5;3m +0ms[39m
[32m[Nest] 77387  - [39m03/15/2026, 8:42:37 PM [32m    LOG[39m [38;5;3m[RouterExplorer] [39m[32mMapped {/api/permission-catalogs, GET} route[39m[38;5;3m +0ms[39m
[32m[Nest] 77387  - [39m03/15/2026, 8:42:37 PM [32m    LOG[39m [38;5;3m[RouterExplorer] [39m[32mMapped {/api/permission-catalogs/:id, GET} route[39m[38;5;3m +0ms[39m
[32m[Nest] 77387  - [39m03/15/2026, 8:42:37 PM [32m    LOG[39m [38;5;3m[RouterExplorer] [39m[32mMapped {/api/permission-catalogs, POST} route[39m[38;5;3m +0ms[39m
[32m[Nest] 77387  - [39m03/15/2026, 8:42:37 PM [32m    LOG[39m [38;5;3m[RouterExplorer] [39m[32mMapped {/api/permission-catalogs/:id, PUT} route[39m[38;5;3m +0ms[39m
[32m[Nest] 77387  - [39m03/15/2026, 8:42:37 PM [32m    LOG[39m [38;5;3m[RouterExplorer] [39m[32mMapped {/api/permission-catalogs/:id, DELETE} route[39m[38;5;3m +0ms[39m
[32m[Nest] 77387  - [39m03/15/2026, 8:42:37 PM [32m    LOG[39m [38;5;3m[RouterExplorer] [39m[32mMapped {/api/permission-catalogs/:permissionId/mappings, POST} route[39m[38;5;3m +0ms[39m
[32m[Nest] 77387  - [39m03/15/2026, 8:42:37 PM [32m    LOG[39m [38;5;3m[RouterExplorer] [39m[32mMapped {/api/permission-catalogs/:permissionId/mappings, GET} route[39m[38;5;3m +0ms[39m
[32m[Nest] 77387  - [39m03/15/2026, 8:42:37 PM [32m    LOG[39m [38;5;3m[RouterExplorer] [39m[32mMapped {/api/permission-catalogs/:permissionId/mappings/:catalogId, DELETE} route[39m[38;5;3m +0ms[39m
[32m[Nest] 77387  - [39m03/15/2026, 8:42:37 PM [32m    LOG[39m [38;5;3m[RoutesResolver] [39m[32mUsersController {/api/users}:[39m[38;5;3m +0ms[39m
[32m[Nest] 77387  - [39m03/15/2026, 8:42:37 PM [32m    LOG[39m [38;5;3m[RouterExplorer] [39m[32mMapped {/api/users, POST} route[39m[38;5;3m +0ms[39m
[32m[Nest] 77387  - [39m03/15/2026, 8:42:37 PM [32m    LOG[39m [38;5;3m[RouterExplorer] [39m[32mMapped {/api/users, GET} route[39m[38;5;3m +0ms[39m
[32m[Nest] 77387  - [39m03/15/2026, 8:42:37 PM [32m    LOG[39m [38;5;3m[RouterExplorer] [39m[32mMapped {/api/users/:id, GET} route[39m[38;5;3m +0ms[39m
[32m[Nest] 77387  - [39m03/15/2026, 8:42:37 PM [32m    LOG[39m [38;5;3m[RouterExplorer] [39m[32mMapped {/api/users/:id, PATCH} route[39m[38;5;3m +0ms[39m
[32m[Nest] 77387  - [39m03/15/2026, 8:42:37 PM [32m    LOG[39m [38;5;3m[RouterExplorer] [39m[32mMapped {/api/users/:id, DELETE} route[39m[38;5;3m +0ms[39m
[32m[Nest] 77387  - [39m03/15/2026, 8:42:37 PM [32m    LOG[39m [38;5;3m[RouterExplorer] [39m[32mMapped {/api/users/role/:roleId, GET} route[39m[38;5;3m +0ms[39m
[32m[Nest] 77387  - [39m03/15/2026, 8:42:37 PM [32m    LOG[39m [38;5;3m[RoutesResolver] [39m[32mAppearanceController {/api/appearance}:[39m[38;5;3m +0ms[39m
[32m[Nest] 77387  - [39m03/15/2026, 8:42:37 PM [32m    LOG[39m [38;5;3m[RouterExplorer] [39m[32mMapped {/api/appearance, POST} route[39m[38;5;3m +0ms[39m
[32m[Nest] 77387  - [39m03/15/2026, 8:42:37 PM [32m    LOG[39m [38;5;3m[RouterExplorer] [39m[32mMapped {/api/appearance, GET} route[39m[38;5;3m +1ms[39m
[32m[Nest] 77387  - [39m03/15/2026, 8:42:37 PM [32m    LOG[39m [38;5;3m[RouterExplorer] [39m[32mMapped {/api/appearance/default, GET} route[39m[38;5;3m +0ms[39m
[32m[Nest] 77387  - [39m03/15/2026, 8:42:37 PM [32m    LOG[39m [38;5;3m[RouterExplorer] [39m[32mMapped {/api/appearance/:id, GET} route[39m[38;5;3m +0ms[39m
[32m[Nest] 77387  - [39m03/15/2026, 8:42:37 PM [32m    LOG[39m [38;5;3m[RouterExplorer] [39m[32mMapped {/api/appearance/:id, PATCH} route[39m[38;5;3m +0ms[39m
[32m[Nest] 77387  - [39m03/15/2026, 8:42:37 PM [32m    LOG[39m [38;5;3m[RouterExplorer] [39m[32mMapped {/api/appearance/:id, DELETE} route[39m[38;5;3m +0ms[39m
[32m[Nest] 77387  - [39m03/15/2026, 8:42:37 PM [32m    LOG[39m [38;5;3m[RouterExplorer] [39m[32mMapped {/api/appearance/:id/set-default, POST} route[39m[38;5;3m +0ms[39m
🚀 SEEDER: Starting database seeding...
🧹 Clearing old permissions...
✓ Permission created: admin -> Dashboard -> Vista
✓ Permission created: admin -> Dashboard -> Leer
✓ Permission created: admin -> Dashboard -> Crear
✓ Permission created: admin -> Dashboard -> Editar
✓ Permission created: admin -> Dashboard -> Eliminar
✓ Permission created: admin -> Dashboard -> descargar
✓ Permission created: admin -> Dashboard -> ConfigurarPermisos
✓ Permission created: admin -> Dashboard -> Habilitar
✓ Permission created: admin -> Dashboard -> Deshabilitar
✓ Permission created: admin -> Dashboard -> VerDetalles
✓ Permission created: admin -> Usuarios -> Vista
✓ Permission created: admin -> Usuarios -> Leer
✓ Permission created: admin -> Usuarios -> Crear
✓ Permission created: admin -> Usuarios -> Editar
✓ Permission created: admin -> Usuarios -> Eliminar
✓ Permission created: admin -> Usuarios -> descargar
✓ Permission created: admin -> Usuarios -> ConfigurarPermisos
✓ Permission created: admin -> Usuarios -> Habilitar
✓ Permission created: admin -> Usuarios -> Deshabilitar
✓ Permission created: admin -> Usuarios -> VerDetalles
✓ Permission created: admin -> Módulos -> Vista
✓ Permission created: admin -> Módulos -> Leer
✓ Permission created: admin -> Módulos -> Crear
✓ Permission created: admin -> Módulos -> Editar
✓ Permission created: admin -> Módulos -> Eliminar
✓ Permission created: admin -> Módulos -> descargar
✓ Permission created: admin -> Módulos -> ConfigurarPermisos
✓ Permission created: admin -> Módulos -> Habilitar
✓ Permission created: admin -> Módulos -> Deshabilitar
✓ Permission created: admin -> Módulos -> VerDetalles
✓ Permission created: admin -> Roles -> Vista
✓ Permission created: admin -> Roles -> Leer
✓ Permission created: admin -> Roles -> Crear
✓ Permission created: admin -> Roles -> Editar
✓ Permission created: admin -> Roles -> Eliminar
✓ Permission created: admin -> Roles -> descargar
✓ Permission created: admin -> Roles -> ConfigurarPermisos
✓ Permission created: admin -> Roles -> Habilitar
✓ Permission created: admin -> Roles -> Deshabilitar
✓ Permission created: admin -> Roles -> VerDetalles
✓ Permission created: admin -> Catálogos -> Vista
✓ Permission created: admin -> Catálogos -> Leer
✓ Permission created: admin -> Catálogos -> Crear
✓ Permission created: admin -> Catálogos -> Editar
✓ Permission created: admin -> Catálogos -> Eliminar
✓ Permission created: admin -> Catálogos -> descargar
✓ Permission created: admin -> Catálogos -> ConfigurarPermisos
✓ Permission created: admin -> Catálogos -> Habilitar
✓ Permission created: admin -> Catálogos -> Deshabilitar
✓ Permission created: admin -> Catálogos -> VerDetalles
✓ Permission created: admin -> Apariencia -> Vista
✓ Permission created: admin -> Apariencia -> Leer
✓ Permission created: admin -> Apariencia -> Crear
✓ Permission created: admin -> Apariencia -> Editar
✓ Permission created: admin -> Apariencia -> Eliminar
✓ Permission created: admin -> Apariencia -> descargar
✓ Permission created: admin -> Apariencia -> ConfigurarPermisos
✓ Permission created: admin -> Apariencia -> Habilitar
✓ Permission created: admin -> Apariencia -> Deshabilitar
✓ Permission created: admin -> Apariencia -> VerDetalles
✓ Permission created: admin -> CatalogoPermisos -> Vista
✓ Permission created: admin -> CatalogoPermisos -> Leer
✓ Permission created: admin -> CatalogoPermisos -> Crear
✓ Permission created: admin -> CatalogoPermisos -> Editar
✓ Permission created: admin -> CatalogoPermisos -> Eliminar
✓ Permission created: admin -> CatalogoPermisos -> descargar
✓ Permission created: admin -> CatalogoPermisos -> ConfigurarPermisos
✓ Permission created: admin -> CatalogoPermisos -> Habilitar
✓ Permission created: admin -> CatalogoPermisos -> Deshabilitar
✓ Permission created: admin -> CatalogoPermisos -> VerDetalles
✓ Permission created: colaborador -> Dashboard -> Vista
✓ Permission created: colaborador -> Dashboard -> Leer
✓ Permission created: colaborador -> Dashboard -> VerDetalles
✓ Permission created: colaborador -> Usuarios -> Vista
✓ Permission created: colaborador -> Usuarios -> Leer
✓ Permission created: colaborador -> Usuarios -> VerDetalles
✓ Permission created: colaborador -> Módulos -> Vista
✓ Permission created: colaborador -> Módulos -> Leer
✓ Permission created: colaborador -> Módulos -> VerDetalles
✓ Permission created: colaborador -> Roles -> Vista
✓ Permission created: colaborador -> Roles -> Leer
✓ Permission created: colaborador -> Roles -> VerDetalles
✓ Permission created: colaborador -> Catálogos -> Vista
✓ Permission created: colaborador -> Catálogos -> Leer
✓ Permission created: colaborador -> Catálogos -> VerDetalles
✓ Permission created: colaborador -> Apariencia -> Vista
✓ Permission created: colaborador -> Apariencia -> Leer
✓ Permission created: colaborador -> Apariencia -> VerDetalles
✓ Permission created: colaborador -> CatalogoPermisos -> Vista
✓ Permission created: colaborador -> CatalogoPermisos -> Leer
✓ Permission created: colaborador -> CatalogoPermisos -> VerDetalles
✅ SEEDER: Database seeding completed successfully!
[32m[Nest] 77387  - [39m03/15/2026, 8:42:37 PM [32m    LOG[39m [38;5;3m[NestApplication] [39m[32mNest application successfully started[39m[38;5;3m +73ms[39m
Backend running on http://localhost:3001
🔐 Permission Guard - GET /api/roles
🔐 Permission Guard - GET /api/appearance/default
🔐 Permission Guard - GET /api/appearance/default
🔐 Permission Guard - GET /api/modules
🔐 Permission Guard - GET /api/modules
🔐 Permission Guard - GET /api/modules
🔐 Permission Guard - GET /api/modules
🔐 Permission Guard - GET /api/modules
🔐 Permission Guard - GET /api/roles
🔐 Permission Guard - GET /api/permissions/role/94ea390a-606c-4056-81b6-2c856256ac4c
🔐 Permission Guard - GET /api/modules
🔐 Permission Guard - GET /api/modules
🔐 Permission Guard - GET /api/permissions/role/94ea390a-606c-4056-81b6-2c856256ac4c
🔐 Permission Guard - GET /api/modules
🔐 Permission Guard - GET /api/permissions/role/94ea390a-606c-4056-81b6-2c856256ac4c
🔐 Permission Guard - GET /api/modules
🔐 Permission Guard - GET /api/permissions/role/94ea390a-606c-4056-81b6-2c856256ac4c
🔐 Permission Guard - GET /api/modules
🔐 Permission Guard - GET /api/permissions/role/94ea390a-606c-4056-81b6-2c856256ac4c
🔐 Permission Guard - GET /api/permissions/role/94ea390a-606c-4056-81b6-2c856256ac4c
🔐 Permission Guard - GET /api/permissions/module/b0dadc21-5ae1-4994-b100-205fb3ce1f88
🔐 Permission Guard - GET /api/permissions/module/00276948-9cb3-4c68-9f5a-9675455730cd
🔐 Permission Guard - GET /api/permissions/role/94ea390a-606c-4056-81b6-2c856256ac4c
🔐 Permission Guard - GET /api/permissions/module/1c9986e3-8ed6-4097-9ac6-f3f968910f37
🔐 Permission Guard - GET /api/permissions/module/e7e3090f-e001-457c-b76f-622abf4d8ab1
🔐 Permission Guard - GET /api/permissions/role/94ea390a-606c-4056-81b6-2c856256ac4c
🔐 Permission Guard - GET /api/permissions/module/b7d1e5cb-c941-45ce-a348-7a445a6a9e78
🔐 Permission Guard - GET /api/permissions/module/a5a2ef10-77aa-417a-a515-1da4d893aa8d
🔐 Permission Guard - GET /api/permissions/module/ccce8316-dc25-4030-ac8f-4ef6b1debb4a
🔐 Permission Guard - GET /api/permissions/role/94ea390a-606c-4056-81b6-2c856256ac4c
🔐 Permission Guard - GET /api/roles
🔐 Permission Guard - GET /api/appearance/default
🔐 Permission Guard - GET /api/appearance/default
🔐 Permission Guard - GET /api/modules
🔐 Permission Guard - GET /api/modules
🔐 Permission Guard - GET /api/modules
🔐 Permission Guard - GET /api/modules
🔐 Permission Guard - GET /api/modules
🔐 Permission Guard - GET /api/modules
🔐 Permission Guard - GET /api/modules
🔐 Permission Guard - GET /api/modules
🔐 Permission Guard - GET /api/modules
🔐 Permission Guard - GET /api/roles
🔐 Permission Guard - GET /api/permissions/role/94ea390a-606c-4056-81b6-2c856256ac4c
🔐 Permission Guard - GET /api/modules
🔐 Permission Guard - GET /api/permissions/role/94ea390a-606c-4056-81b6-2c856256ac4c
🔐 Permission Guard - GET /api/permissions/role/94ea390a-606c-4056-81b6-2c856256ac4c
🔐 Permission Guard - GET /api/permissions/role/94ea390a-606c-4056-81b6-2c856256ac4c
🔐 Permission Guard - GET /api/permissions/module/b0dadc21-5ae1-4994-b100-205fb3ce1f88
🔐 Permission Guard - GET /api/permissions/module/1c9986e3-8ed6-4097-9ac6-f3f968910f37
🔐 Permission Guard - GET /api/permissions/module/00276948-9cb3-4c68-9f5a-9675455730cd
🔐 Permission Guard - GET /api/permissions/module/a5a2ef10-77aa-417a-a515-1da4d893aa8d
🔐 Permission Guard - GET /api/permissions/module/e7e3090f-e001-457c-b76f-622abf4d8ab1
🔐 Permission Guard - GET /api/permissions/role/94ea390a-606c-4056-81b6-2c856256ac4c
🔐 Permission Guard - GET /api/permissions/module/ccce8316-dc25-4030-ac8f-4ef6b1debb4a
🔐 Permission Guard - GET /api/permissions/module/b7d1e5cb-c941-45ce-a348-7a445a6a9e78
🔐 Permission Guard - GET /api/permissions/role/94ea390a-606c-4056-81b6-2c856256ac4c
🔐 Permission Guard - GET /api/permissions/role/94ea390a-606c-4056-81b6-2c856256ac4c
🔐 Permission Guard - GET /api/permissions/role/94ea390a-606c-4056-81b6-2c856256ac4c
🔐 Permission Guard - GET /api/permissions/role/94ea390a-606c-4056-81b6-2c856256ac4c
🔐 Permission Guard - GET /api/roles
🔐 Permission Guard - GET /api/appearance/default
🔐 Permission Guard - GET /api/appearance/default
🔐 Permission Guard - GET /api/modules
🔐 Permission Guard - GET /api/modules
🔐 Permission Guard - GET /api/modules
🔐 Permission Guard - GET /api/modules
🔐 Permission Guard - GET /api/modules
🔐 Permission Guard - GET /api/modules
🔐 Permission Guard - GET /api/modules
🔐 Permission Guard - GET /api/modules
🔐 Permission Guard - GET /api/modules
🔐 Permission Guard - GET /api/modules
🔐 Permission Guard - GET /api/roles
🔐 Permission Guard - GET /api/permissions/role/94ea390a-606c-4056-81b6-2c856256ac4c
🔐 Permission Guard - GET /api/permissions/role/94ea390a-606c-4056-81b6-2c856256ac4c
🔐 Permission Guard - GET /api/permissions/role/94ea390a-606c-4056-81b6-2c856256ac4c
🔐 Permission Guard - GET /api/permissions/role/94ea390a-606c-4056-81b6-2c856256ac4c
🔐 Permission Guard - GET /api/permissions/role/94ea390a-606c-4056-81b6-2c856256ac4c
🔐 Permission Guard - GET /api/permissions/module/b0dadc21-5ae1-4994-b100-205fb3ce1f88
🔐 Permission Guard - GET /api/permissions/role/94ea390a-606c-4056-81b6-2c856256ac4c
🔐 Permission Guard - GET /api/permissions/module/1c9986e3-8ed6-4097-9ac6-f3f968910f37
🔐 Permission Guard - GET /api/permissions/module/00276948-9cb3-4c68-9f5a-9675455730cd
🔐 Permission Guard - GET /api/permissions/module/e7e3090f-e001-457c-b76f-622abf4d8ab1
🔐 Permission Guard - GET /api/permissions/role/94ea390a-606c-4056-81b6-2c856256ac4c
🔐 Permission Guard - GET /api/permissions/module/b7d1e5cb-c941-45ce-a348-7a445a6a9e78
🔐 Permission Guard - GET /api/permissions/module/a5a2ef10-77aa-417a-a515-1da4d893aa8d
🔐 Permission Guard - GET /api/permissions/module/ccce8316-dc25-4030-ac8f-4ef6b1debb4a
🔐 Permission Guard - GET /api/permissions/role/94ea390a-606c-4056-81b6-2c856256ac4c
🔐 Permission Guard - GET /api/permissions/role/94ea390a-606c-4056-81b6-2c856256ac4c
🔐 Permission Guard - GET /api/modules
🔐 Permission Guard - GET /api/modules
🔐 Permission Guard - GET /api/permissions/role/94ea390a-606c-4056-81b6-2c856256ac4c
🔐 Permission Guard - GET /api/permissions/role/94ea390a-606c-4056-81b6-2c856256ac4c
🔐 Permission Guard - GET /api/modules
🔐 Permission Guard - GET /api/modules
🔐 Permission Guard - GET /api/modules
🔐 Permission Guard - GET /api/modules
🔐 Permission Guard - GET /api/modules
🔐 Permission Guard - GET /api/modules
🔐 Permission Guard - GET /api/modules
🔐 Permission Guard - GET /api/modules
🔐 Permission Guard - GET /api/modules
🔐 Permission Guard - GET /api/modules
🔐 Permission Guard - GET /api/modules
🔐 Permission Guard - GET /api/modules
🔐 Permission Guard - GET /api/modules
🔐 Permission Guard - GET /api/modules
🔐 Permission Guard - GET /api/modules
🔐 Permission Guard - GET /api/permissions/role/94ea390a-606c-4056-81b6-2c856256ac4c
🔐 Permission Guard - GET /api/permissions/role/94ea390a-606c-4056-81b6-2c856256ac4c
🔐 Permission Guard - GET /api/permissions/role/94ea390a-606c-4056-81b6-2c856256ac4c
🔐 Permission Guard - GET /api/permissions/role/94ea390a-606c-4056-81b6-2c856256ac4c
🔐 Permission Guard - GET /api/permissions/role/94ea390a-606c-4056-81b6-2c856256ac4c
🔐 Permission Guard - GET /api/permissions/role/94ea390a-606c-4056-81b6-2c856256ac4c
🔐 Permission Guard - GET /api/permissions/role/94ea390a-606c-4056-81b6-2c856256ac4c
🔐 Permission Guard - GET /api/permissions/role/94ea390a-606c-4056-81b6-2c856256ac4c
🔐 Permission Guard - GET /api/permissions/role/94ea390a-606c-4056-81b6-2c856256ac4c
🔐 Permission Guard - GET /api/permissions/role/94ea390a-606c-4056-81b6-2c856256ac4c
🔐 Permission Guard - GET /api/modules
🔐 Permission Guard - GET /api/permissions/role/94ea390a-606c-4056-81b6-2c856256ac4c
🔐 Permission Guard - GET /api/permissions/role/94ea390a-606c-4056-81b6-2c856256ac4c
🔐 Permission Guard - GET /api/permissions/role/94ea390a-606c-4056-81b6-2c856256ac4c
🔐 Permission Guard - GET /api/permissions/role/94ea390a-606c-4056-81b6-2c856256ac4c
🔐 Permission Guard - GET /api/permissions/role/94ea390a-606c-4056-81b6-2c856256ac4c
🔐 Permission Guard - GET /api/permissions/role/94ea390a-606c-4056-81b6-2c856256ac4c
🔐 Permission Guard - GET /api/modules
🔐 Permission Guard - GET /api/modules
🔐 Permission Guard - GET /api/modules
🔐 Permission Guard - GET /api/modules
🔐 Permission Guard - GET /api/modules
🔐 Permission Guard - GET /api/modules
🔐 Permission Guard - GET /api/modules
🔐 Permission Guard - GET /api/modules
🔐 Permission Guard - GET /api/modules
🔐 Permission Guard - GET /api/modules
🔐 Permission Guard - GET /api/modules
🔐 Permission Guard - GET /api/modules
🔐 Permission Guard - GET /api/modules
🔐 Permission Guard - GET /api/modules
🔐 Permission Guard - GET /api/modules
🔐 Permission Guard - GET /api/modules
🔐 Permission Guard - GET /api/modules
🔐 Permission Guard - GET /api/modules
🔐 Permission Guard - GET /api/modules
🔐 Permission Guard - GET /api/modules
🔐 Permission Guard - GET /api/roles
🔐 Permission Guard - GET /api/permissions/role/94ea390a-606c-4056-81b6-2c856256ac4c
🔐 Permission Guard - GET /api/permissions/role/94ea390a-606c-4056-81b6-2c856256ac4c
🔐 Permission Guard - GET /api/permissions/role/94ea390a-606c-4056-81b6-2c856256ac4c
🔐 Permission Guard - GET /api/permissions/role/94ea390a-606c-4056-81b6-2c856256ac4c
🔐 Permission Guard - GET /api/permissions/role/94ea390a-606c-4056-81b6-2c856256ac4c
🔐 Permission Guard - GET /api/permissions/role/94ea390a-606c-4056-81b6-2c856256ac4c
🔐 Permission Guard - GET /api/permissions/role/94ea390a-606c-4056-81b6-2c856256ac4c
🔐 Permission Guard - GET /api/permissions/role/94ea390a-606c-4056-81b6-2c856256ac4c
🔐 Permission Guard - GET /api/permissions/role/94ea390a-606c-4056-81b6-2c856256ac4c
🔐 Permission Guard - GET /api/permissions/role/94ea390a-606c-4056-81b6-2c856256ac4c
🔐 Permission Guard - GET /api/permissions/role/94ea390a-606c-4056-81b6-2c856256ac4c
🔐 Permission Guard - GET /api/permissions/role/94ea390a-606c-4056-81b6-2c856256ac4c
🔐 Permission Guard - GET /api/permissions/role/94ea390a-606c-4056-81b6-2c856256ac4c
🔐 Permission Guard - GET /api/permissions/role/94ea390a-606c-4056-81b6-2c856256ac4c
🔐 Permission Guard - GET /api/permissions/role/94ea390a-606c-4056-81b6-2c856256ac4c
🔐 Permission Guard - GET /api/permissions/role/94ea390a-606c-4056-81b6-2c856256ac4c
🔐 Permission Guard - GET /api/permissions/role/94ea390a-606c-4056-81b6-2c856256ac4c
🔐 Permission Guard - GET /api/permissions/role/94ea390a-606c-4056-81b6-2c856256ac4c
🔐 Permission Guard - GET /api/permissions/role/94ea390a-606c-4056-81b6-2c856256ac4c
🔐 Permission Guard - GET /api/permissions/role/94ea390a-606c-4056-81b6-2c856256ac4c
🔐 Permission Guard - GET /api/permissions/module/1c9986e3-8ed6-4097-9ac6-f3f968910f37
🔐 Permission Guard - GET /api/permissions/module/b0dadc21-5ae1-4994-b100-205fb3ce1f88
🔐 Permission Guard - GET /api/permissions/module/00276948-9cb3-4c68-9f5a-9675455730cd
🔐 Permission Guard - GET /api/permissions/module/e7e3090f-e001-457c-b76f-622abf4d8ab1
🔐 Permission Guard - GET /api/permissions/module/a5a2ef10-77aa-417a-a515-1da4d893aa8d
🔐 Permission Guard - GET /api/permissions/module/b7d1e5cb-c941-45ce-a348-7a445a6a9e78
🔐 Permission Guard - GET /api/permissions/module/ccce8316-dc25-4030-ac8f-4ef6b1debb4a
🔐 Permission Guard - GET /api/modules
🔐 Permission Guard - GET /api/modules
🔐 Permission Guard - GET /api/modules
🔐 Permission Guard - GET /api/modules
🔐 Permission Guard - GET /api/modules
🔐 Permission Guard - GET /api/modules
🔐 Permission Guard - GET /api/modules
🔐 Permission Guard - GET /api/modules
🔐 Permission Guard - GET /api/modules
🔐 Permission Guard - GET /api/modules
🔐 Permission Guard - GET /api/modules
🔐 Permission Guard - GET /api/modules
🔐 Permission Guard - GET /api/modules
🔐 Permission Guard - GET /api/modules
🔐 Permission Guard - GET /api/permissions/role/94ea390a-606c-4056-81b6-2c856256ac4c
🔐 Permission Guard - GET /api/modules
🔐 Permission Guard - GET /api/permissions/role/94ea390a-606c-4056-81b6-2c856256ac4c
🔐 Permission Guard - GET /api/permissions/role/94ea390a-606c-4056-81b6-2c856256ac4c
🔐 Permission Guard - GET /api/permissions/role/94ea390a-606c-4056-81b6-2c856256ac4c
🔐 Permission Guard - GET /api/permissions/role/94ea390a-606c-4056-81b6-2c856256ac4c
🔐 Permission Guard - GET /api/permissions/role/94ea390a-606c-4056-81b6-2c856256ac4c
🔐 Permission Guard - GET /api/modules
🔐 Permission Guard - GET /api/permissions/role/94ea390a-606c-4056-81b6-2c856256ac4c
🔐 Permission Guard - GET /api/permissions/role/94ea390a-606c-4056-81b6-2c856256ac4c
🔐 Permission Guard - GET /api/permissions/role/94ea390a-606c-4056-81b6-2c856256ac4c
🔐 Permission Guard - GET /api/permissions/role/94ea390a-606c-4056-81b6-2c856256ac4c
🔐 Permission Guard - GET /api/permissions/role/94ea390a-606c-4056-81b6-2c856256ac4c
🔐 Permission Guard - GET /api/permissions/role/94ea390a-606c-4056-81b6-2c856256ac4c
🔐 Permission Guard - GET /api/permissions/role/94ea390a-606c-4056-81b6-2c856256ac4c
🔐 Permission Guard - GET /api/permissions/role/94ea390a-606c-4056-81b6-2c856256ac4c
🔐 Permission Guard - GET /api/permissions/role/94ea390a-606c-4056-81b6-2c856256ac4c
🔐 Permission Guard - GET /api/permissions/role/94ea390a-606c-4056-81b6-2c856256ac4c
🔐 Permission Guard - GET /api/modules
🔐 Permission Guard - GET /api/modules
🔐 Permission Guard - GET /api/permissions/role/94ea390a-606c-4056-81b6-2c856256ac4c
🔐 Permission Guard - GET /api/permissions/role/94ea390a-606c-4056-81b6-2c856256ac4c
🔐 Permission Guard - GET /api/modules
🔐 Permission Guard - GET /api/modules
🔐 Permission Guard - GET /api/modules
🔐 Permission Guard - GET /api/modules
🔐 Permission Guard - GET /api/modules
🔐 Permission Guard - GET /api/modules
🔐 Permission Guard - GET /api/modules
🔐 Permission Guard - GET /api/modules
🔐 Permission Guard - GET /api/modules
🔐 Permission Guard - GET /api/modules
🔐 Permission Guard - GET /api/modules
🔐 Permission Guard - GET /api/modules
🔐 Permission Guard - GET /api/modules
🔐 Permission Guard - GET /api/modules
🔐 Permission Guard - GET /api/modules
🔐 Permission Guard - GET /api/modules
🔐 Permission Guard - GET /api/modules
🔐 Permission Guard - GET /api/modules
🔐 Permission Guard - GET /api/modules
🔐 Permission Guard - GET /api/users
🔐 Permission Guard - GET /api/roles
🔐 Permission Guard - GET /api/permissions/role/94ea390a-606c-4056-81b6-2c856256ac4c
🔐 Permission Guard - GET /api/permissions/role/94ea390a-606c-4056-81b6-2c856256ac4c
🔐 Permission Guard - GET /api/permissions/role/94ea390a-606c-4056-81b6-2c856256ac4c
🔐 Permission Guard - GET /api/permissions/role/94ea390a-606c-4056-81b6-2c856256ac4c
🔐 Permission Guard - GET /api/permissions/role/94ea390a-606c-4056-81b6-2c856256ac4c
🔐 Permission Guard - GET /api/permissions/role/94ea390a-606c-4056-81b6-2c856256ac4c
🔐 Permission Guard - GET /api/permissions/role/94ea390a-606c-4056-81b6-2c856256ac4c
🔐 Permission Guard - GET /api/permissions/role/94ea390a-606c-4056-81b6-2c856256ac4c
🔐 Permission Guard - GET /api/permissions/role/94ea390a-606c-4056-81b6-2c856256ac4c
🔐 Permission Guard - GET /api/permissions/role/94ea390a-606c-4056-81b6-2c856256ac4c
🔐 Permission Guard - GET /api/permissions/role/94ea390a-606c-4056-81b6-2c856256ac4c
🔐 Permission Guard - GET /api/permissions/role/94ea390a-606c-4056-81b6-2c856256ac4c
🔐 Permission Guard - GET /api/permissions/role/94ea390a-606c-4056-81b6-2c856256ac4c
🔐 Permission Guard - GET /api/permissions/role/94ea390a-606c-4056-81b6-2c856256ac4c
🔐 Permission Guard - GET /api/permissions/role/94ea390a-606c-4056-81b6-2c856256ac4c
🔐 Permission Guard - GET /api/permissions/role/94ea390a-606c-4056-81b6-2c856256ac4c
🔐 Permission Guard - GET /api/permissions/role/94ea390a-606c-4056-81b6-2c856256ac4c
🔐 Permission Guard - GET /api/permissions/role/94ea390a-606c-4056-81b6-2c856256ac4c
🔐 Permission Guard - GET /api/permissions/role/94ea390a-606c-4056-81b6-2c856256ac4c
🔐 Permission Guard - GET /api/permissions/role/94ea390a-606c-4056-81b6-2c856256ac4c
🔐 Permission Guard - GET /api/modules
🔐 Permission Guard - GET /api/modules
🔐 Permission Guard - GET /api/modules
🔐 Permission Guard - GET /api/modules
🔐 Permission Guard - GET /api/modules
🔐 Permission Guard - GET /api/modules
🔐 Permission Guard - GET /api/modules
🔐 Permission Guard - GET /api/modules
🔐 Permission Guard - GET /api/modules
🔐 Permission Guard - GET /api/modules
🔐 Permission Guard - GET /api/modules
🔐 Permission Guard - GET /api/modules
🔐 Permission Guard - GET /api/modules
🔐 Permission Guard - GET /api/modules
🔐 Permission Guard - GET /api/modules
🔐 Permission Guard - GET /api/permissions/role/94ea390a-606c-4056-81b6-2c856256ac4c
🔐 Permission Guard - GET /api/permissions/role/94ea390a-606c-4056-81b6-2c856256ac4c
🔐 Permission Guard - GET /api/permissions/role/94ea390a-606c-4056-81b6-2c856256ac4c
🔐 Permission Guard - GET /api/permissions/role/94ea390a-606c-4056-81b6-2c856256ac4c
🔐 Permission Guard - GET /api/permissions/role/94ea390a-606c-4056-81b6-2c856256ac4c
🔐 Permission Guard - GET /api/permissions/role/94ea390a-606c-4056-81b6-2c856256ac4c
🔐 Permission Guard - GET /api/permissions/role/94ea390a-606c-4056-81b6-2c856256ac4c
🔐 Permission Guard - GET /api/permissions/role/94ea390a-606c-4056-81b6-2c856256ac4c
🔐 Permission Guard - GET /api/modules
🔐 Permission Guard - GET /api/permissions/role/94ea390a-606c-4056-81b6-2c856256ac4c
🔐 Permission Guard - GET /api/permissions/role/94ea390a-606c-4056-81b6-2c856256ac4c
🔐 Permission Guard - GET /api/permissions/role/94ea390a-606c-4056-81b6-2c856256ac4c
🔐 Permission Guard - GET /api/permissions/role/94ea390a-606c-4056-81b6-2c856256ac4c
🔐 Permission Guard - GET /api/permissions/role/94ea390a-606c-4056-81b6-2c856256ac4c
🔐 Permission Guard - GET /api/permissions/role/94ea390a-606c-4056-81b6-2c856256ac4c
🔐 Permission Guard - GET /api/permissions/role/94ea390a-606c-4056-81b6-2c856256ac4c
🔐 Permission Guard - GET /api/permissions/role/94ea390a-606c-4056-81b6-2c856256ac4c
🔐 Permission Guard - GET /api/modules
🔐 Permission Guard - GET /api/modules
🔐 Permission Guard - GET /api/permissions/role/94ea390a-606c-4056-81b6-2c856256ac4c
🔐 Permission Guard - GET /api/permissions/role/94ea390a-606c-4056-81b6-2c856256ac4c
🔐 Permission Guard - GET /api/modules
🔐 Permission Guard - GET /api/modules
🔐 Permission Guard - GET /api/modules
🔐 Permission Guard - GET /api/modules
🔐 Permission Guard - GET /api/modules
🔐 Permission Guard - GET /api/modules
🔐 Permission Guard - GET /api/modules
🔐 Permission Guard - GET /api/modules
🔐 Permission Guard - GET /api/modules
🔐 Permission Guard - GET /api/modules
🔐 Permission Guard - GET /api/modules
🔐 Permission Guard - GET /api/roles
🔐 Permission Guard - GET /api/modules
🔐 Permission Guard - GET /api/permissions/role/94ea390a-606c-4056-81b6-2c856256ac4c
🔐 Permission Guard - GET /api/modules
🔐 Permission Guard - GET /api/permissions/role/94ea390a-606c-4056-81b6-2c856256ac4c
🔐 Permission Guard - GET /api/modules
🔐 Permission Guard - GET /api/permissions/role/94ea390a-606c-4056-81b6-2c856256ac4c
🔐 Permission Guard - GET /api/permissions/role/fdc632f5-3d5d-412b-836b-8a8e6c4c009f
🔐 Permission Guard - GET /api/modules
🔐 Permission Guard - GET /api/permissions/role/94ea390a-606c-4056-81b6-2c856256ac4c
🔐 Permission Guard - GET /api/permissions/role/94ea390a-606c-4056-81b6-2c856256ac4c
🔐 Permission Guard - GET /api/permissions/role/94ea390a-606c-4056-81b6-2c856256ac4c
🔐 Permission Guard - GET /api/permissions/role/94ea390a-606c-4056-81b6-2c856256ac4c
🔐 Permission Guard - GET /api/permissions/role/94ea390a-606c-4056-81b6-2c856256ac4c
🔐 Permission Guard - GET /api/permissions/role/94ea390a-606c-4056-81b6-2c856256ac4c
🔐 Permission Guard - GET /api/permissions/role/94ea390a-606c-4056-81b6-2c856256ac4c
🔐 Permission Guard - GET /api/permissions/role/94ea390a-606c-4056-81b6-2c856256ac4c
🔐 Permission Guard - GET /api/permissions/role/94ea390a-606c-4056-81b6-2c856256ac4c
🔐 Permission Guard - GET /api/permissions/role/94ea390a-606c-4056-81b6-2c856256ac4c
🔐 Permission Guard - GET /api/permissions/role/94ea390a-606c-4056-81b6-2c856256ac4c
🔐 Permission Guard - GET /api/permissions/role/94ea390a-606c-4056-81b6-2c856256ac4c
🔐 Permission Guard - GET /api/permissions/role/94ea390a-606c-4056-81b6-2c856256ac4c
🔐 Permission Guard - GET /api/permissions/role/94ea390a-606c-4056-81b6-2c856256ac4c
🔐 Permission Guard - GET /api/modules
🔐 Permission Guard - GET /api/modules
🔐 Permission Guard - GET /api/modules
🔐 Permission Guard - GET /api/modules
🔐 Permission Guard - GET /api/modules
🔐 Permission Guard - GET /api/modules
🔐 Permission Guard - GET /api/modules
🔐 Permission Guard - GET /api/modules
🔐 Permission Guard - GET /api/modules
🔐 Permission Guard - GET /api/modules
🔐 Permission Guard - GET /api/modules
🔐 Permission Guard - GET /api/modules
🔐 Permission Guard - GET /api/modules
🔐 Permission Guard - GET /api/modules
🔐 Permission Guard - GET /api/modules
🔐 Permission Guard - GET /api/permissions/role/94ea390a-606c-4056-81b6-2c856256ac4c
🔐 Permission Guard - GET /api/permissions/role/94ea390a-606c-4056-81b6-2c856256ac4c
🔐 Permission Guard - GET /api/permissions/role/94ea390a-606c-4056-81b6-2c856256ac4c
🔐 Permission Guard - GET /api/permissions/role/94ea390a-606c-4056-81b6-2c856256ac4c
🔐 Permission Guard - GET /api/permissions/role/94ea390a-606c-4056-81b6-2c856256ac4c
🔐 Permission Guard - GET /api/permissions/role/94ea390a-606c-4056-81b6-2c856256ac4c
🔐 Permission Guard - GET /api/permissions/role/94ea390a-606c-4056-81b6-2c856256ac4c
🔐 Permission Guard - GET /api/modules
🔐 Permission Guard - GET /api/permissions/role/94ea390a-606c-4056-81b6-2c856256ac4c
🔐 Permission Guard - GET /api/permissions/role/94ea390a-606c-4056-81b6-2c856256ac4c
🔐 Permission Guard - GET /api/permissions/role/94ea390a-606c-4056-81b6-2c856256ac4c
🔐 Permission Guard - GET /api/permissions/role/94ea390a-606c-4056-81b6-2c856256ac4c
🔐 Permission Guard - GET /api/permissions/role/94ea390a-606c-4056-81b6-2c856256ac4c
🔐 Permission Guard - GET /api/permissions/role/94ea390a-606c-4056-81b6-2c856256ac4c
🔐 Permission Guard - GET /api/permissions/role/94ea390a-606c-4056-81b6-2c856256ac4c
🔐 Permission Guard - GET /api/permissions/role/94ea390a-606c-4056-81b6-2c856256ac4c
🔐 Permission Guard - GET /api/permissions/role/94ea390a-606c-4056-81b6-2c856256ac4c
🔐 Permission Guard - GET /api/modules
🔐 Permission Guard - GET /api/modules
🔐 Permission Guard - GET /api/modules
🔐 Permission Guard - GET /api/modules
🔐 Permission Guard - GET /api/modules
🔐 Permission Guard - GET /api/modules
🔐 Permission Guard - GET /api/modules
🔐 Permission Guard - GET /api/modules
🔐 Permission Guard - GET /api/modules
🔐 Permission Guard - GET /api/modules
🔐 Permission Guard - GET /api/modules
🔐 Permission Guard - GET /api/modules
🔐 Permission Guard - GET /api/modules
🔐 Permission Guard - GET /api/modules
🔐 Permission Guard - GET /api/modules
🔐 Permission Guard - GET /api/modules
🔐 Permission Guard - GET /api/modules
🔐 Permission Guard - GET /api/modules
🔐 Permission Guard - GET /api/modules
🔐 Permission Guard - GET /api/modules
🔐 Permission Guard - GET /api/roles
🔐 Permission Guard - GET /api/permissions/role/94ea390a-606c-4056-81b6-2c856256ac4c
🔐 Permission Guard - GET /api/permissions/role/94ea390a-606c-4056-81b6-2c856256ac4c
🔐 Permission Guard - GET /api/permissions/role/94ea390a-606c-4056-81b6-2c856256ac4c
🔐 Permission Guard - GET /api/permissions/role/94ea390a-606c-4056-81b6-2c856256ac4c
🔐 Permission Guard - GET /api/permissions/role/94ea390a-606c-4056-81b6-2c856256ac4c
🔐 Permission Guard - GET /api/permissions/role/94ea390a-606c-4056-81b6-2c856256ac4c
🔐 Permission Guard - GET /api/permissions/role/94ea390a-606c-4056-81b6-2c856256ac4c
🔐 Permission Guard - GET /api/permissions/role/94ea390a-606c-4056-81b6-2c856256ac4c
🔐 Permission Guard - GET /api/permissions/role/94ea390a-606c-4056-81b6-2c856256ac4c
🔐 Permission Guard - GET /api/permissions/role/94ea390a-606c-4056-81b6-2c856256ac4c
🔐 Permission Guard - GET /api/permissions/role/94ea390a-606c-4056-81b6-2c856256ac4c
🔐 Permission Guard - GET /api/permissions/role/94ea390a-606c-4056-81b6-2c856256ac4c
🔐 Permission Guard - GET /api/permissions/role/94ea390a-606c-4056-81b6-2c856256ac4c
🔐 Permission Guard - GET /api/permissions/role/94ea390a-606c-4056-81b6-2c856256ac4c
🔐 Permission Guard - GET /api/permissions/role/94ea390a-606c-4056-81b6-2c856256ac4c
🔐 Permission Guard - GET /api/permissions/role/94ea390a-606c-4056-81b6-2c856256ac4c
🔐 Permission Guard - GET /api/permissions/role/94ea390a-606c-4056-81b6-2c856256ac4c
🔐 Permission Guard - GET /api/permissions/role/94ea390a-606c-4056-81b6-2c856256ac4c
🔐 Permission Guard - GET /api/permissions/role/94ea390a-606c-4056-81b6-2c856256ac4c
🔐 Permission Guard - GET /api/permissions/role/94ea390a-606c-4056-81b6-2c856256ac4c
🔐 Permission Guard - GET /api/permissions/module/b0dadc21-5ae1-4994-b100-205fb3ce1f88
🔐 Permission Guard - GET /api/permissions/module/00276948-9cb3-4c68-9f5a-9675455730cd
🔐 Permission Guard - GET /api/permissions/module/1c9986e3-8ed6-4097-9ac6-f3f968910f37
🔐 Permission Guard - GET /api/permissions/module/e7e3090f-e001-457c-b76f-622abf4d8ab1
🔐 Permission Guard - GET /api/permissions/module/b7d1e5cb-c941-45ce-a348-7a445a6a9e78
🔐 Permission Guard - GET /api/permissions/module/a5a2ef10-77aa-417a-a515-1da4d893aa8d
🔐 Permission Guard - GET /api/permissions/module/ccce8316-dc25-4030-ac8f-4ef6b1debb4a
🔐 Permission Guard - GET /api/modules
🔐 Permission Guard - GET /api/permissions/role/94ea390a-606c-4056-81b6-2c856256ac4c
🔐 Permission Guard - GET /api/modules
🔐 Permission Guard - GET /api/permissions/role/94ea390a-606c-4056-81b6-2c856256ac4c
🔐 Permission Guard - GET /api/modules
🔐 Permission Guard - GET /api/permissions/role/94ea390a-606c-4056-81b6-2c856256ac4c
🔐 Permission Guard - GET /api/modules
🔐 Permission Guard - GET /api/modules
🔐 Permission Guard - GET /api/modules
🔐 Permission Guard - GET /api/modules
🔐 Permission Guard - GET /api/permissions/role/94ea390a-606c-4056-81b6-2c856256ac4c
🔐 Permission Guard - GET /api/modules
🔐 Permission Guard - GET /api/permissions/role/94ea390a-606c-4056-81b6-2c856256ac4c
🔐 Permission Guard - GET /api/modules
🔐 Permission Guard - GET /api/permissions/role/94ea390a-606c-4056-81b6-2c856256ac4c
🔐 Permission Guard - GET /api/modules
🔐 Permission Guard - GET /api/permissions/role/94ea390a-606c-4056-81b6-2c856256ac4c
🔐 Permission Guard - GET /api/modules
🔐 Permission Guard - GET /api/permissions/role/94ea390a-606c-4056-81b6-2c856256ac4c
🔐 Permission Guard - GET /api/modules
🔐 Permission Guard - GET /api/permissions/role/94ea390a-606c-4056-81b6-2c856256ac4c
🔐 Permission Guard - GET /api/modules
🔐 Permission Guard - GET /api/permissions/role/94ea390a-606c-4056-81b6-2c856256ac4c
🔐 Permission Guard - GET /api/modules
🔐 Permission Guard - GET /api/permissions/role/94ea390a-606c-4056-81b6-2c856256ac4c
🔐 Permission Guard - GET /api/modules
🔐 Permission Guard - GET /api/permissions/role/94ea390a-606c-4056-81b6-2c856256ac4c
🔐 Permission Guard - GET /api/modules
🔐 Permission Guard - GET /api/permissions/role/94ea390a-606c-4056-81b6-2c856256ac4c
🔐 Permission Guard - GET /api/permissions/role/94ea390a-606c-4056-81b6-2c856256ac4c
🔐 Permission Guard - GET /api/permissions/role/94ea390a-606c-4056-81b6-2c856256ac4c
🔐 Permission Guard - GET /api/permissions/role/94ea390a-606c-4056-81b6-2c856256ac4c
🔐 Permission Guard - GET /api/modules
🔐 Permission Guard - GET /api/modules
🔐 Permission Guard - GET /api/modules
🔐 Permission Guard - GET /api/modules
🔐 Permission Guard - GET /api/modules
🔐 Permission Guard - GET /api/modules
🔐 Permission Guard - GET /api/modules
🔐 Permission Guard - GET /api/modules
🔐 Permission Guard - GET /api/modules
🔐 Permission Guard - GET /api/modules
🔐 Permission Guard - GET /api/modules
🔐 Permission Guard - GET /api/modules
🔐 Permission Guard - GET /api/modules
🔐 Permission Guard - GET /api/modules
🔐 Permission Guard - GET /api/modules
🔐 Permission Guard - GET /api/modules
🔐 Permission Guard - GET /api/modules
🔐 Permission Guard - GET /api/modules
🔐 Permission Guard - GET /api/modules
🔐 Permission Guard - GET /api/users
🔐 Permission Guard - GET /api/permissions/role/94ea390a-606c-4056-81b6-2c856256ac4c
🔐 Permission Guard - GET /api/roles
🔐 Permission Guard - GET /api/permissions/role/94ea390a-606c-4056-81b6-2c856256ac4c
🔐 Permission Guard - GET /api/permissions/role/94ea390a-606c-4056-81b6-2c856256ac4c
🔐 Permission Guard - GET /api/permissions/role/94ea390a-606c-4056-81b6-2c856256ac4c
🔐 Permission Guard - GET /api/permissions/role/94ea390a-606c-4056-81b6-2c856256ac4c
🔐 Permission Guard - GET /api/permissions/role/94ea390a-606c-4056-81b6-2c856256ac4c
🔐 Permission Guard - GET /api/permissions/role/94ea390a-606c-4056-81b6-2c856256ac4c
🔐 Permission Guard - GET /api/permissions/role/94ea390a-606c-4056-81b6-2c856256ac4c
🔐 Permission Guard - GET /api/permissions/role/94ea390a-606c-4056-81b6-2c856256ac4c
🔐 Permission Guard - GET /api/permissions/role/94ea390a-606c-4056-81b6-2c856256ac4c
🔐 Permission Guard - GET /api/permissions/role/94ea390a-606c-4056-81b6-2c856256ac4c
🔐 Permission Guard - GET /api/permissions/role/94ea390a-606c-4056-81b6-2c856256ac4c
🔐 Permission Guard - GET /api/permissions/role/94ea390a-606c-4056-81b6-2c856256ac4c
🔐 Permission Guard - GET /api/permissions/role/94ea390a-606c-4056-81b6-2c856256ac4c
🔐 Permission Guard - GET /api/permissions/role/94ea390a-606c-4056-81b6-2c856256ac4c
🔐 Permission Guard - GET /api/permissions/role/94ea390a-606c-4056-81b6-2c856256ac4c
🔐 Permission Guard - GET /api/permissions/role/94ea390a-606c-4056-81b6-2c856256ac4c
🔐 Permission Guard - GET /api/permissions/role/94ea390a-606c-4056-81b6-2c856256ac4c
🔐 Permission Guard - GET /api/permissions/role/94ea390a-606c-4056-81b6-2c856256ac4c
🔐 Permission Guard - GET /api/permissions/role/94ea390a-606c-4056-81b6-2c856256ac4c
🔐 Permission Guard - GET /api/modules
🔐 Permission Guard - GET /api/modules
🔐 Permission Guard - GET /api/modules
🔐 Permission Guard - GET /api/modules
🔐 Permission Guard - GET /api/modules
🔐 Permission Guard - GET /api/modules
🔐 Permission Guard - GET /api/modules
🔐 Permission Guard - GET /api/modules
🔐 Permission Guard - GET /api/modules
🔐 Permission Guard - GET /api/modules
🔐 Permission Guard - GET /api/modules
🔐 Permission Guard - GET /api/modules
🔐 Permission Guard - GET /api/modules
🔐 Permission Guard - GET /api/modules
🔐 Permission Guard - GET /api/modules
🔐 Permission Guard - GET /api/permissions/role/94ea390a-606c-4056-81b6-2c856256ac4c
🔐 Permission Guard - GET /api/permissions/role/94ea390a-606c-4056-81b6-2c856256ac4c
🔐 Permission Guard - GET /api/permissions/role/94ea390a-606c-4056-81b6-2c856256ac4c
🔐 Permission Guard - GET /api/permissions/role/94ea390a-606c-4056-81b6-2c856256ac4c
🔐 Permission Guard - GET /api/permissions/role/94ea390a-606c-4056-81b6-2c856256ac4c
🔐 Permission Guard - GET /api/permissions/role/94ea390a-606c-4056-81b6-2c856256ac4c
🔐 Permission Guard - GET /api/permissions/role/94ea390a-606c-4056-81b6-2c856256ac4c
🔐 Permission Guard - GET /api/permissions/role/94ea390a-606c-4056-81b6-2c856256ac4c
🔐 Permission Guard - GET /api/modules
🔐 Permission Guard - GET /api/permissions/role/94ea390a-606c-4056-81b6-2c856256ac4c
🔐 Permission Guard - GET /api/permissions/role/94ea390a-606c-4056-81b6-2c856256ac4c
🔐 Permission Guard - GET /api/permissions/role/94ea390a-606c-4056-81b6-2c856256ac4c
🔐 Permission Guard - GET /api/permissions/role/94ea390a-606c-4056-81b6-2c856256ac4c
🔐 Permission Guard - GET /api/permissions/role/94ea390a-606c-4056-81b6-2c856256ac4c
🔐 Permission Guard - GET /api/permissions/role/94ea390a-606c-4056-81b6-2c856256ac4c
🔐 Permission Guard - GET /api/permissions/role/94ea390a-606c-4056-81b6-2c856256ac4c
🔐 Permission Guard - GET /api/permissions/role/94ea390a-606c-4056-81b6-2c856256ac4c
🔐 Permission Guard - GET /api/modules
🔐 Permission Guard - GET /api/modules
🔐 Permission Guard - GET /api/modules
🔐 Permission Guard - GET /api/modules
🔐 Permission Guard - GET /api/modules
🔐 Permission Guard - GET /api/modules
🔐 Permission Guard - GET /api/modules
🔐 Permission Guard - GET /api/modules
🔐 Permission Guard - GET /api/modules
🔐 Permission Guard - GET /api/modules
🔐 Permission Guard - GET /api/modules
🔐 Permission Guard - GET /api/modules
🔐 Permission Guard - GET /api/modules
🔐 Permission Guard - GET /api/modules
🔐 Permission Guard - GET /api/modules
🔐 Permission Guard - GET /api/roles
🔐 Permission Guard - GET /api/permissions/role/94ea390a-606c-4056-81b6-2c856256ac4c
🔐 Permission Guard - GET /api/permissions/role/94ea390a-606c-4056-81b6-2c856256ac4c
🔐 Permission Guard - GET /api/permissions/role/94ea390a-606c-4056-81b6-2c856256ac4c
🔐 Permission Guard - GET /api/permissions/role/fdc632f5-3d5d-412b-836b-8a8e6c4c009f
🔐 Permission Guard - GET /api/permissions/role/94ea390a-606c-4056-81b6-2c856256ac4c
🔐 Permission Guard - GET /api/permissions/role/94ea390a-606c-4056-81b6-2c856256ac4c
🔐 Permission Guard - GET /api/permissions/role/94ea390a-606c-4056-81b6-2c856256ac4c
🔐 Permission Guard - GET /api/permissions/role/94ea390a-606c-4056-81b6-2c856256ac4c
🔐 Permission Guard - GET /api/permissions/role/94ea390a-606c-4056-81b6-2c856256ac4c
🔐 Permission Guard - GET /api/permissions/role/94ea390a-606c-4056-81b6-2c856256ac4c
🔐 Permission Guard - GET /api/permissions/role/94ea390a-606c-4056-81b6-2c856256ac4c
🔐 Permission Guard - GET /api/permissions/role/94ea390a-606c-4056-81b6-2c856256ac4c
🔐 Permission Guard - GET /api/permissions/role/94ea390a-606c-4056-81b6-2c856256ac4c
🔐 Permission Guard - GET /api/permissions/role/94ea390a-606c-4056-81b6-2c856256ac4c
🔐 Permission Guard - GET /api/permissions/role/94ea390a-606c-4056-81b6-2c856256ac4c
🔐 Permission Guard - GET /api/permissions/role/94ea390a-606c-4056-81b6-2c856256ac4c
🔐 Permission Guard - GET /api/permissions/role/94ea390a-606c-4056-81b6-2c856256ac4c
🔐 Permission Guard - GET /api/permissions/role/94ea390a-606c-4056-81b6-2c856256ac4c
🔐 Permission Guard - GET /api/modules
🔐 Permission Guard - GET /api/modules
🔐 Permission Guard - GET /api/modules
🔐 Permission Guard - GET /api/modules
🔐 Permission Guard - GET /api/modules
🔐 Permission Guard - GET /api/modules
🔐 Permission Guard - GET /api/modules
🔐 Permission Guard - GET /api/modules
🔐 Permission Guard - GET /api/modules
🔐 Permission Guard - GET /api/modules
🔐 Permission Guard - GET /api/modules
🔐 Permission Guard - GET /api/modules
🔐 Permission Guard - GET /api/modules
🔐 Permission Guard - GET /api/modules
🔐 Permission Guard - GET /api/permissions/role/94ea390a-606c-4056-81b6-2c856256ac4c
🔐 Permission Guard - GET /api/modules
🔐 Permission Guard - GET /api/permissions/role/94ea390a-606c-4056-81b6-2c856256ac4c
🔐 Permission Guard - GET /api/permissions/role/94ea390a-606c-4056-81b6-2c856256ac4c
🔐 Permission Guard - GET /api/permissions/role/94ea390a-606c-4056-81b6-2c856256ac4c
🔐 Permission Guard - GET /api/permissions/role/94ea390a-606c-4056-81b6-2c856256ac4c
🔐 Permission Guard - GET /api/permissions/role/94ea390a-606c-4056-81b6-2c856256ac4c
🔐 Permission Guard - GET /api/permissions/role/94ea390a-606c-4056-81b6-2c856256ac4c
🔐 Permission Guard - GET /api/permissions/role/94ea390a-606c-4056-81b6-2c856256ac4c
🔐 Permission Guard - GET /api/modules
🔐 Permission Guard - GET /api/permissions/role/94ea390a-606c-4056-81b6-2c856256ac4c
🔐 Permission Guard - GET /api/permissions/role/94ea390a-606c-4056-81b6-2c856256ac4c
🔐 Permission Guard - GET /api/permissions/role/94ea390a-606c-4056-81b6-2c856256ac4c
🔐 Permission Guard - GET /api/permissions/role/94ea390a-606c-4056-81b6-2c856256ac4c
🔐 Permission Guard - GET /api/permissions/role/94ea390a-606c-4056-81b6-2c856256ac4c
🔐 Permission Guard - GET /api/permissions/role/94ea390a-606c-4056-81b6-2c856256ac4c
🔐 Permission Guard - GET /api/permissions/role/94ea390a-606c-4056-81b6-2c856256ac4c
🔐 Permission Guard - GET /api/permissions/role/94ea390a-606c-4056-81b6-2c856256ac4c
🔐 Permission Guard - GET /api/modules
🔐 Permission Guard - GET /api/permissions/role/94ea390a-606c-4056-81b6-2c856256ac4c
🔐 Permission Guard - GET /api/modules
🔐 Permission Guard - GET /api/modules
🔐 Permission Guard - GET /api/permissions/role/94ea390a-606c-4056-81b6-2c856256ac4c
🔐 Permission Guard - GET /api/permissions/role/94ea390a-606c-4056-81b6-2c856256ac4c
🔐 Permission Guard - GET /api/modules
🔐 Permission Guard - GET /api/modules
🔐 Permission Guard - GET /api/modules
🔐 Permission Guard - GET /api/modules
🔐 Permission Guard - GET /api/modules
🔐 Permission Guard - GET /api/modules
🔐 Permission Guard - GET /api/modules
🔐 Permission Guard - GET /api/modules
🔐 Permission Guard - GET /api/modules
🔐 Permission Guard - GET /api/modules
🔐 Permission Guard - GET /api/modules
🔐 Permission Guard - GET /api/modules
🔐 Permission Guard - GET /api/modules
🔐 Permission Guard - GET /api/modules
🔐 Permission Guard - GET /api/modules
🔐 Permission Guard - GET /api/modules
🔐 Permission Guard - GET /api/modules
🔐 Permission Guard - GET /api/modules
🔐 Permission Guard - GET /api/modules
🔐 Permission Guard - GET /api/appearance
🔐 Permission Guard - GET /api/appearance
🔐 Permission Guard - GET /api/permissions/role/94ea390a-606c-4056-81b6-2c856256ac4c
🔐 Permission Guard - GET /api/permissions/role/94ea390a-606c-4056-81b6-2c856256ac4c
🔐 Permission Guard - GET /api/permissions/role/94ea390a-606c-4056-81b6-2c856256ac4c
🔐 Permission Guard - GET /api/permissions/role/94ea390a-606c-4056-81b6-2c856256ac4c
🔐 Permission Guard - GET /api/permissions/role/94ea390a-606c-4056-81b6-2c856256ac4c
🔐 Permission Guard - GET /api/permissions/role/94ea390a-606c-4056-81b6-2c856256ac4c
🔐 Permission Guard - GET /api/permissions/role/94ea390a-606c-4056-81b6-2c856256ac4c
🔐 Permission Guard - GET /api/permissions/role/94ea390a-606c-4056-81b6-2c856256ac4c
🔐 Permission Guard - GET /api/permissions/role/94ea390a-606c-4056-81b6-2c856256ac4c
🔐 Permission Guard - GET /api/permissions/role/94ea390a-606c-4056-81b6-2c856256ac4c
🔐 Permission Guard - GET /api/permissions/role/94ea390a-606c-4056-81b6-2c856256ac4c
🔐 Permission Guard - GET /api/permissions/role/94ea390a-606c-4056-81b6-2c856256ac4c
🔐 Permission Guard - GET /api/permissions/role/94ea390a-606c-4056-81b6-2c856256ac4c
🔐 Permission Guard - GET /api/permissions/role/94ea390a-606c-4056-81b6-2c856256ac4c
🔐 Permission Guard - GET /api/permissions/role/94ea390a-606c-4056-81b6-2c856256ac4c
🔐 Permission Guard - GET /api/permissions/role/94ea390a-606c-4056-81b6-2c856256ac4c
🔐 Permission Guard - GET /api/permissions/role/94ea390a-606c-4056-81b6-2c856256ac4c
🔐 Permission Guard - GET /api/permissions/role/94ea390a-606c-4056-81b6-2c856256ac4c
🔐 Permission Guard - GET /api/permissions/role/94ea390a-606c-4056-81b6-2c856256ac4c
🔐 Permission Guard - POST /api/appearance/c8fc557b-2364-4b50-bac2-63f863d4289c/set-default
🔗 Looking for module with ruta: /appearance
📦 Module found: Apariencia (b7d1e5cb-c941-45ce-a348-7a445a6a9e78)
👤 User ID from token: 7af61918-f069-4b67-bb5b-bc9e8b79b3b8
👤 User found: Admin (admin@test.com) - Role: 94ea390a-606c-4056-81b6-2c856256ac4c
🔑 Final role ID: 94ea390a-606c-4056-81b6-2c856256ac4c
🛡️  Permissions found: 10
✅ Permission granted for POST on /appearance
🔐 Permission Guard - POST /api/appearance/c8fc557b-2364-4b50-bac2-63f863d4289c/set-default
🔗 Looking for module with ruta: /appearance
📦 Module found: Apariencia (b7d1e5cb-c941-45ce-a348-7a445a6a9e78)
👤 User ID from token: 7af61918-f069-4b67-bb5b-bc9e8b79b3b8
👤 User found: Admin (admin@test.com) - Role: 94ea390a-606c-4056-81b6-2c856256ac4c
🔑 Final role ID: 94ea390a-606c-4056-81b6-2c856256ac4c
🛡️  Permissions found: 10
✅ Permission granted for POST on /appearance
🔐 Permission Guard - GET /api/appearance
🔐 Permission Guard - GET /api/appearance
🔐 Permission Guard - GET /api/modules
🔐 Permission Guard - GET /api/modules
🔐 Permission Guard - GET /api/modules
🔐 Permission Guard - GET /api/modules
🔐 Permission Guard - GET /api/modules
🔐 Permission Guard - GET /api/modules
🔐 Permission Guard - GET /api/modules
🔐 Permission Guard - GET /api/modules
🔐 Permission Guard - GET /api/modules
🔐 Permission Guard - GET /api/modules
🔐 Permission Guard - GET /api/modules
🔐 Permission Guard - GET /api/modules
🔐 Permission Guard - GET /api/modules
🔐 Permission Guard - GET /api/modules
🔐 Permission Guard - GET /api/modules
🔐 Permission Guard - GET /api/permissions/role/94ea390a-606c-4056-81b6-2c856256ac4c
🔐 Permission Guard - GET /api/permissions/role/94ea390a-606c-4056-81b6-2c856256ac4c
🔐 Permission Guard - GET /api/modules
🔐 Permission Guard - GET /api/permissions/role/94ea390a-606c-4056-81b6-2c856256ac4c
🔐 Permission Guard - GET /api/permissions/role/94ea390a-606c-4056-81b6-2c856256ac4c
🔐 Permission Guard - GET /api/permissions/role/94ea390a-606c-4056-81b6-2c856256ac4c
🔐 Permission Guard - GET /api/permissions/role/94ea390a-606c-4056-81b6-2c856256ac4c
🔐 Permission Guard - GET /api/permissions/role/94ea390a-606c-4056-81b6-2c856256ac4c
🔐 Permission Guard - GET /api/permissions/role/94ea390a-606c-4056-81b6-2c856256ac4c
🔐 Permission Guard - GET /api/permissions/role/94ea390a-606c-4056-81b6-2c856256ac4c
🔐 Permission Guard - GET /api/permissions/role/94ea390a-606c-4056-81b6-2c856256ac4c
🔐 Permission Guard - GET /api/permissions/role/94ea390a-606c-4056-81b6-2c856256ac4c
🔐 Permission Guard - GET /api/permissions/role/94ea390a-606c-4056-81b6-2c856256ac4c
🔐 Permission Guard - GET /api/permissions/role/94ea390a-606c-4056-81b6-2c856256ac4c
🔐 Permission Guard - GET /api/permissions/role/94ea390a-606c-4056-81b6-2c856256ac4c
🔐 Permission Guard - GET /api/permissions/role/94ea390a-606c-4056-81b6-2c856256ac4c
🔐 Permission Guard - GET /api/permissions/role/94ea390a-606c-4056-81b6-2c856256ac4c
🔐 Permission Guard - GET /api/modules
🔐 Permission Guard - GET /api/modules
🔐 Permission Guard - GET /api/modules
🔐 Permission Guard - GET /api/modules
🔐 Permission Guard - GET /api/modules
🔐 Permission Guard - GET /api/modules
🔐 Permission Guard - GET /api/modules
🔐 Permission Guard - GET /api/modules
🔐 Permission Guard - GET /api/modules
🔐 Permission Guard - GET /api/modules
🔐 Permission Guard - GET /api/modules
🔐 Permission Guard - GET /api/modules
🔐 Permission Guard - GET /api/modules
🔐 Permission Guard - GET /api/modules
🔐 Permission Guard - GET /api/modules
🔐 Permission Guard - GET /api/modules
🔐 Permission Guard - GET /api/modules
🔐 Permission Guard - GET /api/modules
🔐 Permission Guard - GET /api/modules
🔐 Permission Guard - GET /api/modules
🔐 Permission Guard - GET /api/permissions/role/94ea390a-606c-4056-81b6-2c856256ac4c
🔐 Permission Guard - GET /api/roles
🔐 Permission Guard - GET /api/permissions/role/94ea390a-606c-4056-81b6-2c856256ac4c
🔐 Permission Guard - GET /api/permissions/role/94ea390a-606c-4056-81b6-2c856256ac4c
🔐 Permission Guard - GET /api/permissions/role/94ea390a-606c-4056-81b6-2c856256ac4c
🔐 Permission Guard - GET /api/permissions/role/94ea390a-606c-4056-81b6-2c856256ac4c
🔐 Permission Guard - GET /api/permissions/role/94ea390a-606c-4056-81b6-2c856256ac4c
🔐 Permission Guard - GET /api/permissions/role/94ea390a-606c-4056-81b6-2c856256ac4c
🔐 Permission Guard - GET /api/permissions/role/94ea390a-606c-4056-81b6-2c856256ac4c
🔐 Permission Guard - GET /api/permissions/role/94ea390a-606c-4056-81b6-2c856256ac4c
🔐 Permission Guard - GET /api/permissions/role/94ea390a-606c-4056-81b6-2c856256ac4c
🔐 Permission Guard - GET /api/permissions/role/94ea390a-606c-4056-81b6-2c856256ac4c
🔐 Permission Guard - GET /api/permissions/role/94ea390a-606c-4056-81b6-2c856256ac4c
🔐 Permission Guard - GET /api/permissions/role/94ea390a-606c-4056-81b6-2c856256ac4c
🔐 Permission Guard - GET /api/permissions/role/94ea390a-606c-4056-81b6-2c856256ac4c
🔐 Permission Guard - GET /api/permissions/module/b0dadc21-5ae1-4994-b100-205fb3ce1f88
🔐 Permission Guard - GET /api/permissions/module/1c9986e3-8ed6-4097-9ac6-f3f968910f37
🔐 Permission Guard - GET /api/permissions/module/00276948-9cb3-4c68-9f5a-9675455730cd
🔐 Permission Guard - GET /api/permissions/module/e7e3090f-e001-457c-b76f-622abf4d8ab1
🔐 Permission Guard - GET /api/permissions/role/94ea390a-606c-4056-81b6-2c856256ac4c
🔐 Permission Guard - GET /api/permissions/role/94ea390a-606c-4056-81b6-2c856256ac4c
🔐 Permission Guard - GET /api/permissions/role/94ea390a-606c-4056-81b6-2c856256ac4c
🔐 Permission Guard - GET /api/permissions/role/94ea390a-606c-4056-81b6-2c856256ac4c
🔐 Permission Guard - GET /api/permissions/role/94ea390a-606c-4056-81b6-2c856256ac4c
🔐 Permission Guard - GET /api/permissions/role/94ea390a-606c-4056-81b6-2c856256ac4c
🔐 Permission Guard - GET /api/permissions/module/b7d1e5cb-c941-45ce-a348-7a445a6a9e78
🔐 Permission Guard - GET /api/permissions/module/a5a2ef10-77aa-417a-a515-1da4d893aa8d
🔐 Permission Guard - GET /api/permissions/module/ccce8316-dc25-4030-ac8f-4ef6b1debb4a
